<?xml version="1.0" encoding="UTF-8"?>
<!-- Generated by org.testng.reporters.JUnitReportReporter -->
<testsuite name="org.testing.TestScripts.TC4_GetAll_FetchID" tests="1" time="0.047" ignored="0" failures="0" timestamp="20 Nov 2021 00:15:51 GMT" skipped="0" hostname="IN1-1016845LTT" errors="0">
  <testcase name="FourthTC" time="0.047" classname="org.testing.TestScripts.TC4_GetAll_FetchID"/>
</testsuite> <!-- org.testing.TestScripts.TC4_GetAll_FetchID -->
